<?xml version="1.0" encoding="UTF-8"?>
<!-- Generated by org.testng.reporters.JUnitReportReporter -->
<testsuite skipped="0" hostname="Ankita" name="mmt.regression.Test_MMT_LoginPage" tests="1" failures="0" timestamp="18 Jul 2018 17:22:02 GMT" time="22.173" errors="0">
  <testcase name="test01" time="22.173" classname="mmt.regression.Test_MMT_LoginPage"/>
</testsuite> <!-- mmt.regression.Test_MMT_LoginPage -->
